[  51882]   WARN - api.vfs.impl.local.FileWatcher - The current <b>inotify</b>(7) watch limit is too low. <a href="https://confluence.jetbrains.com/display/IDEADEV/Inotify+Watches+Limit">More details.</a> 
[  52266]   WARN - api.vfs.impl.local.FileWatcher - Watcher terminated with exit code 3 
[  52648]   WARN - api.vfs.impl.local.FileWatcher - The current <b>inotify</b>(7) watch limit is too low. <a href="https://confluence.jetbrains.com/display/IDEADEV/Inotify+Watches+Limit">More details.</a> 
[  52711]   WARN - api.vfs.impl.local.FileWatcher - Watcher terminated with exit code 3 
[  53152]   WARN - api.vfs.impl.local.FileWatcher - The current <b>inotify</b>(7) watch limit is too low. <a href="https://confluence.jetbrains.com/display/IDEADEV/Inotify+Watches+Limit">More details.</a> 
[  53192]   WARN - api.vfs.impl.local.FileWatcher - Watcher terminated with exit code 3 
[  53523]   WARN - api.vfs.impl.local.FileWatcher - The current <b>inotify</b>(7) watch limit is too low. <a href="https://confluence.jetbrains.com/display/IDEADEV/Inotify+Watches+Limit">More details.</a> 
[  53580]   WARN - api.vfs.impl.local.FileWatcher - Watcher terminated with exit code 3 
[  53900]   WARN - api.vfs.impl.local.FileWatcher - The current <b>inotify</b>(7) watch limit is too low. <a href="https://confluence.jetbrains.com/display/IDEADEV/Inotify+Watches+Limit">More details.</a> 
[  53941]   WARN - api.vfs.impl.local.FileWatcher - Watcher terminated with exit code 3 
[  54358]   WARN - api.vfs.impl.local.FileWatcher - The current <b>inotify</b>(7) watch limit is too low. <a href="https://confluence.jetbrains.com/display/IDEADEV/Inotify+Watches+Limit">More details.</a> 
[  54513]   WARN - api.vfs.impl.local.FileWatcher - Watcher terminated with exit code 3 
[  55191]   WARN - api.vfs.impl.local.FileWatcher - The current <b>inotify</b>(7) watch limit is too low. <a href="https://confluence.jetbrains.com/display/IDEADEV/Inotify+Watches+Limit">More details.</a> 
[  55193]   WARN - api.vfs.impl.local.FileWatcher - Watcher terminated with exit code 3 
[  56075]   WARN - api.vfs.impl.local.FileWatcher - The current <b>inotify</b>(7) watch limit is too low. <a href="https://confluence.jetbrains.com/display/IDEADEV/Inotify+Watches+Limit">More details.</a> 
[  56111]   WARN - api.vfs.impl.local.FileWatcher - Watcher terminated with exit code 3 
[  57069]   WARN - api.vfs.impl.local.FileWatcher - The current <b>inotify</b>(7) watch limit is too low. <a href="https://confluence.jetbrains.com/display/IDEADEV/Inotify+Watches+Limit">More details.</a> 
[  57150]   WARN - api.vfs.impl.local.FileWatcher - Watcher terminated with exit code 3 
[  57659]   WARN - api.vfs.impl.local.FileWatcher - The current <b>inotify</b>(7) watch limit is too low. <a href="https://confluence.jetbrains.com/display/IDEADEV/Inotify+Watches+Limit">More details.</a> 
[  57900]   WARN - api.vfs.impl.local.FileWatcher - Watcher terminated with exit code 3 
[  57918]   WARN - api.vfs.impl.local.FileWatcher - Broken pipe 
java.io.IOException: Broken pipe
	at java.io.FileOutputStream.writeBytes(Native Method)
	at java.io.FileOutputStream.write(FileOutputStream.java:345)
	at java.io.BufferedOutputStream.flushBuffer(BufferedOutputStream.java:82)
	at java.io.BufferedOutputStream.flush(BufferedOutputStream.java:140)
	at sun.nio.cs.StreamEncoder.implFlush(StreamEncoder.java:297)
	at sun.nio.cs.StreamEncoder.flush(StreamEncoder.java:141)
	at java.io.OutputStreamWriter.flush(OutputStreamWriter.java:229)
	at java.io.BufferedWriter.flush(BufferedWriter.java:254)
	at com.intellij.openapi.vfs.impl.local.FileWatcher$MyProcessHandler.writeLine(FileWatcher.java:325)
	at com.intellij.openapi.vfs.impl.local.FileWatcher$MyProcessHandler.access$500(FileWatcher.java:313)
	at com.intellij.openapi.vfs.impl.local.FileWatcher.writeLine(FileWatcher.java:309)
	at com.intellij.openapi.vfs.impl.local.FileWatcher.setWatchRoots(FileWatcher.java:288)
	at com.intellij.openapi.vfs.impl.local.FileWatcher.setWatchRoots(FileWatcher.java:170)
	at com.intellij.openapi.vfs.impl.local.LocalFileSystemImpl.setUpFileWatcher(LocalFileSystemImpl.java:334)
	at com.intellij.openapi.vfs.impl.local.LocalFileSystemImpl.access$900(LocalFileSystemImpl.java:46)
	at com.intellij.openapi.vfs.impl.local.LocalFileSystemImpl$4.run(LocalFileSystemImpl.java:412)
	at com.intellij.openapi.application.impl.ApplicationImpl.runReadAction(ApplicationImpl.java:867)
	at com.intellij.openapi.vfs.impl.local.LocalFileSystemImpl.replaceWatchedRoots(LocalFileSystemImpl.java:404)
	at com.intellij.openapi.roots.impl.ProjectRootManagerComponent.addRootsToWatch(ProjectRootManagerComponent.java:170)
	at com.intellij.openapi.roots.impl.ProjectRootManagerComponent.projectOpened(ProjectRootManagerComponent.java:155)
	at com.intellij.openapi.project.impl.ProjectImpl.projectOpened(ProjectImpl.java:385)
	at com.intellij.openapi.project.impl.ProjectImpl.access$200(ProjectImpl.java:73)
	at com.intellij.openapi.project.impl.ProjectImpl$MyProjectManagerListener.projectOpened(ProjectImpl.java:420)
	at com.intellij.openapi.project.impl.ProjectManagerImpl$3.projectOpened(ProjectManagerImpl.java:154)
	at com.intellij.openapi.project.impl.ProjectManagerImpl.fireProjectOpened(ProjectManagerImpl.java:938)
	at com.intellij.openapi.project.impl.ProjectManagerImpl.openProject(ProjectManagerImpl.java:461)
	at com.intellij.platform.PlatformProjectOpenProcessor.doOpenProject(PlatformProjectOpenProcessor.java:222)
	at com.intellij.ide.RecentDirectoryProjectsManager.doOpenProject(RecentDirectoryProjectsManager.java:56)
	at com.intellij.ide.RecentProjectsManagerBase.doReopenLastProject(RecentProjectsManagerBase.java:357)
	at com.intellij.ide.RecentProjectsManagerBase$MyAppLifecycleListener.appStarting(RecentProjectsManagerBase.java:384)
	at sun.reflect.NativeMethodAccessorImpl.invoke0(Native Method)
	at sun.reflect.NativeMethodAccessorImpl.invoke(NativeMethodAccessorImpl.java:57)
	at sun.reflect.DelegatingMethodAccessorImpl.invoke(DelegatingMethodAccessorImpl.java:43)
	at java.lang.reflect.Method.invoke(Method.java:606)
	at com.intellij.util.messages.impl.MessageBusConnectionImpl.deliverMessage(MessageBusConnectionImpl.java:116)
	at com.intellij.util.messages.impl.MessageBusImpl.doPumpMessages(MessageBusImpl.java:322)
	at com.intellij.util.messages.impl.MessageBusImpl.pumpMessages(MessageBusImpl.java:309)
	at com.intellij.util.messages.impl.MessageBusImpl.sendMessage(MessageBusImpl.java:288)
	at com.intellij.util.messages.impl.MessageBusImpl.access$200(MessageBusImpl.java:41)
	at com.intellij.util.messages.impl.MessageBusImpl$2.invoke(MessageBusImpl.java:177)
	at com.sun.proxy.$Proxy43.appStarting(Unknown Source)
	at com.intellij.idea.IdeaApplication$IdeStarter$2.run(IdeaApplication.java:328)
	at com.intellij.openapi.application.impl.LaterInvocator$FlushQueue.run(LaterInvocator.java:332)
	at java.awt.event.InvocationEvent.dispatch(InvocationEvent.java:312)
	at java.awt.EventQueue.dispatchEventImpl(EventQueue.java:745)
	at java.awt.EventQueue.access$300(EventQueue.java:103)
	at java.awt.EventQueue$3.run(EventQueue.java:706)
	at java.awt.EventQueue$3.run(EventQueue.java:704)
	at java.security.AccessController.doPrivileged(Native Method)
	at java.security.ProtectionDomain$1.doIntersectionPrivilege(ProtectionDomain.java:76)
	at java.awt.EventQueue.dispatchEvent(EventQueue.java:715)
	at com.intellij.ide.IdeEventQueue.defaultDispatchEvent(IdeEventQueue.java:734)
	at com.intellij.ide.IdeEventQueue._dispatchEvent(IdeEventQueue.java:569)
	at com.intellij.ide.IdeEventQueue.dispatchEvent(IdeEventQueue.java:382)
	at java.awt.EventDispatchThread.pumpOneEventForFilters(EventDispatchThread.java:242)
	at java.awt.EventDispatchThread.pumpEventsForFilter(EventDispatchThread.java:161)
	at java.awt.EventDispatchThread.pumpEventsForHierarchy(EventDispatchThread.java:150)
	at java.awt.EventDispatchThread.pumpEvents(EventDispatchThread.java:146)
	at java.awt.EventDispatchThread.pumpEvents(EventDispatchThread.java:138)
	at java.awt.EventDispatchThread.run(EventDispatchThread.java:91)
[  58696]   WARN - api.vfs.impl.local.FileWatcher - The current <b>inotify</b>(7) watch limit is too low. <a href="https://confluence.jetbrains.com/display/IDEADEV/Inotify+Watches+Limit">More details.</a> 
[  58838]   WARN - api.vfs.impl.local.FileWatcher - Watcher terminated with exit code 3 
[  58839]   WARN - api.vfs.impl.local.FileWatcher - File watcher failed to start 
